<?xml version="1.0" encoding="UTF-8"?>
<!-- Generated by org.testng.reporters.JUnitXMLReporter -->
<testsuite ignored="5" hostname="EPINHYDW0C77" failures="1" tests="6" name="Test" time="19.614" errors="0" timestamp="2021-12-15T15:31:08 IST">
  <testcase classname="Herokuapp.Restful_Booker.TestCases.CreateBooking" name="createNewBooking" time="2.508"/>
  <testcase classname="Herokuapp.Restful_Booker.TestCases.DeleteBooking" name="getBookingIDs" time="3.868"/>
  <testcase classname="Herokuapp.Restful_Booker.TestCases.GetBooking" name="getBookingIDs" time="1.381">
    <failure type="java.lang.AssertionError" message="expected [Jimmy] but found [Sally]">
      <![CDATA[java.lang.AssertionError: expected [Jimmy] but found [Sally]
at Herokuapp.Restful_Booker.TestCases.GetBooking.getBookingIDs(GetBooking.java:62)
at java.base/java.util.ArrayList.forEach(ArrayList.java:1511)
... Removed 33 stack frames]]>
    </failure>
  </testcase> <!-- getBookingIDs -->
  <testcase classname="Herokuapp.Restful_Booker.TestCases.PartialUpdateBooking" name="updateBooking" time="3.801"/>
  <testcase classname="Herokuapp.Restful_Booker.TestCases.Ping" name="pingApplication" time="1.327"/>
  <testcase classname="Herokuapp.Restful_Booker.TestCases.UpdateBooking" name="updateBooking" time="6.158"/>
  <testcase classname="Herokuapp.Restful_Booker.Utilities.BaseTest" name="@BeforeSuite setBaseURI" time="0.0">
    <ignored/>
  </testcase> <!-- @BeforeSuite setBaseURI -->
  <testcase classname="Herokuapp.Restful_Booker.Utilities.BaseTest" name="@BeforeSuite setBaseURI" time="0.0">
    <ignored/>
  </testcase> <!-- @BeforeSuite setBaseURI -->
  <testcase classname="Herokuapp.Restful_Booker.Utilities.BaseTest" name="@BeforeSuite setBaseURI" time="0.0">
    <ignored/>
  </testcase> <!-- @BeforeSuite setBaseURI -->
  <testcase classname="Herokuapp.Restful_Booker.Utilities.BaseTest" name="@BeforeSuite setBaseURI" time="0.0">
    <ignored/>
  </testcase> <!-- @BeforeSuite setBaseURI -->
  <testcase classname="Herokuapp.Restful_Booker.Utilities.BaseTest" name="@BeforeSuite setBaseURI" time="0.0">
    <ignored/>
  </testcase> <!-- @BeforeSuite setBaseURI -->
</testsuite> <!-- Test -->
